"../../../Engine/Content/EditorResources/S_Actor.uasset" 0
"../../../Engine/Content/EngineResources/AICON-Red.uasset" 1
"../../../Engine/Content/EngineResources/AICON-Green.uasset" 2
"../../../Engine/Content/EngineFonts/Roboto.uasset" 3
"../../../Engine/Content/Functions/Engine_MaterialFunctions01/Shading/PowerToRoughness.uasset" 4
"../../../Engine/Content/Functions/Engine_MaterialFunctions01/Shading/ConvertFromDiffSpec.uasset" 5
"../../../Engine/Content/EngineMaterials/DefaultDiffuse.uasset" 6
"../../../Engine/Content/EngineMaterials/DefaultDeferredDecalMaterial.uasset" 7
"../../../Engine/Content/EngineMaterials/DefaultLightFunctionMaterial.uasset" 8
"../../../Engine/Content/Functions/Engine_MaterialFunctions02/Utility/BreakOutFloat2Components.uasset" 9
"../../../Engine/Content/EngineMaterials/DefaultPostProcessMaterial.uasset" 10
"../../../Engine/Content/EngineResources/DefaultTexture.uasset" 11
"../../../Engine/Content/Functions/Engine_MaterialFunctions01/Texturing/ScaleUVsByCenter.uasset" 12
"../../../Engine/Content/Functions/Engine_MaterialFunctions02/ScreenResolution.uasset" 13
"../../../Engine/Content/Functions/Engine_MaterialFunctions02/Texturing/ScreenAlignedUVs.uasset" 14
"../../../Engine/Content/EngineResources/WhiteSquareTexture.uasset" 15
"../../../Engine/Content/EngineMaterials/Widget3DPassThrough.uasset" 16
"../../../Engine/Content/EngineMaterials/Widget3DPassThrough_Translucent.uasset" 17
"../../../Engine/Content/EngineMaterials/Widget3DPassThrough_Translucent_OneSided.uasset" 18
"../../../Engine/Content/EngineMaterials/Widget3DPassThrough_Opaque.uasset" 19
"../../../Engine/Content/EngineMaterials/Widget3DPassThrough_Opaque_OneSided.uasset" 20
"../../../Engine/Content/EngineMaterials/Widget3DPassThrough_Masked.uasset" 21
"../../../Engine/Content/EngineMaterials/Widget3DPassThrough_Masked_OneSided.uasset" 22
"../../../Engine/Content/Maps/Templates/Thumbnails/Default.uasset" 23
"../../../Engine/Content/Maps/Templates/Thumbnails/VR-Basic.uasset" 24
"../../../Engine/Content/EditorMaterials/ParticleSystems/PSysThumbnail_NoImage.uasset" 25
"../../../Engine/Content/EditorMaterials/ParticleSystems/PSysThumbnail_OOD.uasset" 26
"../../../Engine/Content/EditorLandscapeResources/DataLayer.uasset" 27
"../../../Engine/Content/EngineDamageTypes/DmgTypeBP_Environmental.uasset" 28
"../../../Engine/Content/EngineMeshes/Sphere.uasset" 29
"../../../Engine/Content/EngineFonts/RobotoDistanceField.uasset" 30
"../../../Engine/Content/EngineMaterials/DefaultTextMaterialOpaque.uasset" 31
"../../../Engine/Content/EditorResources/S_Trigger.uasset" 32
"../../../Engine/Content/EngineResources/GradientTexture0.uasset" 33
"../../../Engine/Content/EngineResources/Black.uasset" 34
"../../../Engine/Content/EditorMaterials/MatineeGroups/MAT_Groups_Float.uasset" 35
"../../../Engine/Content/EditorMaterials/MatineeGroups/MAT_Groups_Director.uasset" 36
"../../../Engine/Content/EditorMaterials/MatineeGroups/MAT_Groups_Event.uasset" 37
"../../../Engine/Content/EditorMaterials/MatineeGroups/MAT_Groups_Anim.uasset" 38
"../../../Engine/Content/EditorMaterials/MatineeGroups/MAT_Groups_Fade.uasset" 39
"../../../Engine/Content/EditorMaterials/MatineeGroups/MAT_Groups_Move.uasset" 40
"../../../Engine/Content/EditorMaterials/MatineeGroups/MAT_Groups_Slomo.uasset" 41
"../../../Engine/Content/EditorMaterials/MatineeGroups/MAT_ColorTrack.uasset" 42
"../../../Engine/Content/EditorMaterials/MAT_Groups_Toggle.uasset" 43
"../../../Engine/Content/EditorMaterials/MatineeGroups/MAT_Groups_AudioMaster.uasset" 44
"../../../Engine/Content/EditorMaterials/MatineeGroups/MAT_Groups_Sound.uasset" 45
"../../../Engine/Content/EditorMaterials/MatineeGroups/MAT_Groups_Vector.uasset" 46
"../../../Engine/Content/EditorMaterials/MAT_Groups_Visibility.uasset" 47
"../../../Engine/Content/EngineResources/DefaultTextureCube.uasset" 48
"../../../Engine/Content/Functions/Engine_MaterialFunctions01/Opacity/CameraDepthFade.uasset" 49
"../../../Engine/Content/EngineMaterials/T_Default_Material_Grid_M.uasset" 50
"../../../Engine/Content/EngineMaterials/T_Default_Material_Grid_N.uasset" 51
"../../../Engine/Content/EngineMaterials/DefaultMaterial.uasset" 52
"../../../Engine/Content/EngineMeshes/Cylinder.uasset" 53
"../../../Engine/Content/EngineTireTypes/DefaultTireType.uasset" 54
"../../../Engine/Content/EditorMaterials/Camera/CineMat.uasset" 55
"../../../Engine/Content/EditorMaterials/Camera/MI_CineMat_Rig.uasset" 56
"../../../Engine/Content/EditorMeshes/Camera/SM_CraneRig_Base.uasset" 57
"../../../Engine/Content/EditorMeshes/Camera/SM_CraneRig_Arm.uasset" 58
"../../../Engine/Content/EditorMeshes/Camera/SM_CraneRig_Mount.uasset" 59
"../../../Engine/Content/EditorMeshes/Camera/SM_CraneRig_Body.uasset" 60
"../../../Engine/Content/EditorMeshes/Camera/SM_RailRig_Track.uasset" 61
"../../../Engine/Content/EditorMeshes/Camera/SM_RailRig_Mount.uasset" 62
"../../../Engine/Content/VREditor/LaserPointer/VR_LaserPower_01.uasset" 63
"../../../Engine/Content/VREditor/TransformGizmo/TransformGizmoMaterial.uasset" 64
"../../../Engine/Content/VREditor/TransformGizmo/TranslucentTransformGizmoMaterial.uasset" 65
"../../../Engine/Content/VREditor/TransformGizmo/TranslationHandle.uasset" 66
"../../../Engine/Content/VREditor/TransformGizmo/PlaneTranslationHandle.uasset" 67
"../../../Engine/Content/VREditor/TransformGizmo/RotationHandle.uasset" 68
"../../../Engine/Content/VREditor/TransformGizmo/StretchingHandle.uasset" 69
"../../../Engine/Content/VREditor/TransformGizmo/BoundingBoxCorner.uasset" 70
"../../../Engine/Content/VREditor/TransformGizmo/BoundingBoxEdge.uasset" 71
"../../../Engine/Content/VREditor/TransformGizmo/UniformScaleHandle.uasset" 72
"../../../Engine/Content/VREditor/FloatingText/LineMaterial.uasset" 73
"../../../Engine/Content/VREditor/FloatingText/LineSegmentCylinder.uasset" 74
"../../../Engine/Content/VREditor/FloatingText/JointSphere.uasset" 75
"../../../Engine/Content/VREditor/Fonts/VRText_RobotoLarge.uasset" 76
"../../../Engine/Content/VREditor/Fonts/VRTextMaterial.uasset" 77
"../../../Engine/Content/VREditor/Fonts/TranslucentVRTextMaterial.uasset" 78
"../../../Engine/Content/VREditor/UI/SelectionBarMesh.uasset" 79
"../../../Engine/Content/VREditor/UI/CloseButtonMesh.uasset" 80
"../../../Engine/Content/Tutorial/ContentIntroCurve.uasset" 81
"../../../Engine/Plugins/2D/Paper2D/Content/PlaceholderTextures/DummySpriteTexture.uasset" 82
"../../../Engine/Plugins/2D/Paper2D/Content/DefaultSpriteMaterial.uasset" 83
"../../../Engine/Plugins/2D/Paper2D/Content/MaskedUnlitSpriteMaterial.uasset" 84
"../../../Engine/Plugins/2D/Paper2D/Content/OpaqueUnlitSpriteMaterial.uasset" 85
"../../../Engine/Plugins/2D/Paper2D/Content/DummySprite.uasset" 86
"../../../Engine/Plugins/2D/Paper2D/Content/DefaultPaperTerrainMaterial.uasset" 87
"../../../Engine/Content/EngineMaterials/RemoveSurfaceMaterial.uasset" 88
"../../../Engine/Content/EngineDebugMaterials/DebugMeshMaterial.uasset" 89
"../../../Engine/Content/EngineMaterials/InvalidLightmapSettings.uasset" 90
"../../../Engine/Content/EngineMaterials/M_InvalidLightmapSettings.uasset" 91
"../../../Engine/Content/EditorMaterials/GizmoMaterial.uasset" 92
"../../../Engine/Content/EngineMaterials/Good64x64TilingNoiseHighFreq.uasset" 93
"../../../Engine/Content/EngineMaterials/DefaultBokeh.uasset" 94
"../../../Engine/Content/EngineMaterials/PreintegratedSkinBRDF.uasset" 95
"../../../Engine/Content/EngineMaterials/MiniFont.uasset" 96
"../../../Engine/Content/EngineMaterials/WeightMapPlaceholderTexture.uasset" 97
"../../../Engine/Content/EngineMaterials/DefaultWhiteGrid.uasset" 98
"../../../Engine/Content/EngineMaterials/DefaultPhysicalMaterial.uasset" 99
"../../../Engine/Content/EngineFonts/RobotoTiny.uasset" 100
"../../../Engine/Content/EditorSounds/Notifications/CompileSuccess.uasset" 101
"../../../Engine/Content/EditorSounds/Notifications/CompileStart_Cue.uasset" 102
"../../../Engine/Content/EditorSounds/Notifications/CompileSuccess_Cue.uasset" 103
"../../../Engine/Content/EditorSounds/Notifications/CompileFailed.uasset" 104
"../../../Engine/Content/EditorSounds/Notifications/CompileFailed_Cue.uasset" 105
"../../../Engine/Content/MobileResources/HUD/MobileHUDButton1_off.uasset" 106
"../../../SuperPrototype/Content/Geometry/Meshes/CubeMaterial.uasset" 107
"../../../SuperPrototype/Content/Geometry/Meshes/1M_Cube_Chamfer.uasset" 108
"../../../SuperPrototype/Content/Geometry/Meshes/TemplateFloor.uasset" 109
"../../../SuperPrototype/Content/Mannequin/Character/Mesh/UE4_Mannequin_Skeleton.uasset" 110
"../../../SuperPrototype/Content/Mannequin/Animations/ThirdPersonJump_End.uasset" 111
"../../../SuperPrototype/Content/Mannequin/Animations/ThirdPerson_Jump.uasset" 112
"../../../SuperPrototype/Content/Mannequin/Animations/ThirdPersonJump_Loop.uasset" 113
"../../../SuperPrototype/Content/Mannequin/Animations/ThirdPersonJump_Start.uasset" 114
"../../../SuperPrototype/Content/Mannequin/Animations/ThirdPersonIdle.uasset" 115
"../../../SuperPrototype/Content/Mannequin/Animations/ThirdPersonRun.uasset" 116
"../../../SuperPrototype/Content/Mannequin/Animations/ThirdPersonWalk.uasset" 117
"../../../SuperPrototype/Content/Mannequin/Animations/ThirdPerson_IdleRun_2D.uasset" 118
"../../../Engine/Content/EditorBlueprintResources/StandardMacros.uasset" 119
"../../../SuperPrototype/Content/Mannequin/Animations/ThirdPerson_AnimBP.uasset" 120
"../../../SuperPrototype/Content/StarterContent/Audio/Explosion_Cue.uasset" 121
"../../../SuperPrototype/Content/StarterContent/Textures/T_Burst_M.uasset" 122
"../../../SuperPrototype/Content/StarterContent/Particles/Materials/M_Burst.uasset" 123
"../../../SuperPrototype/Content/StarterContent/Textures/T_Explosion_SubUV.uasset" 124
"../../../SuperPrototype/Content/StarterContent/Particles/Materials/M_explosion_subUV.uasset" 125
"../../../SuperPrototype/Content/StarterContent/Particles/Materials/m_flare_01.uasset" 126
"../../../Engine/Content/Functions/Engine_MaterialFunctions01/Gradient/RadialGradient.uasset" 127
"../../../SuperPrototype/Content/StarterContent/Particles/Materials/M_radial_ramp.uasset" 128
"../../../SuperPrototype/Content/StarterContent/Textures/T_Smoke_SubUV.uasset" 129
"../../../SuperPrototype/Content/StarterContent/Textures/T_Smoke_Tiled_D.uasset" 130
"../../../SuperPrototype/Content/StarterContent/Particles/Materials/M_smoke_subUV.uasset" 131
"../../../SuperPrototype/Content/StarterContent/Particles/P_Explosion.uasset" 132
"../../../SuperPrototype/Content/StarterContent/Blueprints/Blueprint_Effect_Explosion.uasset" 133
"../../../SuperPrototype/Content/SuperPrototype/Animations/Player/Stab/stab_fixed_PhysicsAsset.uasset" 134
"../../../SuperPrototype/Content/StarterContent/Materials/M_Basic_Wall.uasset" 135
"../../../SuperPrototype/Content/StarterContent/Architecture/Pillar_50x500.uasset" 136
"../../../SuperPrototype/Content/StarterContent/Architecture/Wall_400x300.uasset" 137
"../../../Engine/Content/EditorResources/EmptyActor.uasset" 138
"../../../Engine/Content/EditorResources/LightIcons/S_LightError.uasset" 139
"../../../Engine/Content/MobileResources/HUD/MobileHUDDirectionPad3.uasset" 140
"../../../Engine/Content/MobileResources/HUD/AnalogHat.uasset" 141
"../../../SuperPrototype/Content/StarterContent/Shapes/Shape_Cone.uasset" 142
"../../../Engine/Content/MobileResources/HUD/T_Castle_ThumbstickInner.uasset" 143
"../../../Engine/Content/MobileResources/HUD/MobileHUDButton3.uasset" 144
"../../../Engine/Content/EditorResources/AudioIcons/S_AudioComponent_AutoActivate.uasset" 145
"../../../Engine/Content/EditorResources/AudioIcons/S_AudioComponent.uasset" 146
"../../../SuperPrototype/Content/SuperPrototype/Player/TopDownController.uasset" 147
"../../../SuperPrototype/Content/SuperPrototype/UI/GameOver/game_over_screen_Image.uasset" 148
"../../../SuperPrototype/Content/SuperPrototype/Levels/Checkers/Texture-Checker-Base.uasset" 149
"../../../SuperPrototype/Content/SuperPrototype/Levels/Checkers/Checker.uasset" 150
"../../../SuperPrototype/Content/SuperPrototype/Levels/Checkers/Checker_Inst.uasset" 151
"../../../SuperPrototype/Content/SuperPrototype/Assets/Textures/MetallicBlue.uasset" 152
"../../../SuperPrototype/Content/SuperPrototype/Assets/Objects/OfficeSupplies/Pen_01.uasset" 153
"../../../SuperPrototype/Content/SuperPrototype/Assets/Objects/OfficeSupplies/Paper_01.uasset" 154
"../../../SuperPrototype/Content/SuperPrototype/Assets/Objects/Desks/Desk__1_.uasset" 155
"../../../Engine/Content/MobileResources/HUD/MobileHUDButtonFire.uasset" 156
"../../../Engine/Content/MobileResources/T_MobileMenu2.uasset" 157
"../../../Engine/Content/MobileResources/HUD/T_Castle_ThumbstickOutter.uasset" 158
"../../../Engine/Content/MobileResources/HUD/VirtualJoystick_Background.uasset" 159
"../../../Engine/Content/MobileResources/HUD/VirtualJoystick_Thumb.uasset" 160
"../../../Engine/Content/MobileResources/HUD/DefaultVirtualJoysticks.uasset" 161
"../../../Engine/Content/MobileResources/T_MobileControls_texture.uasset" 162
"../../../SuperPrototype/Content/SuperPrototype/UI/HUD/Assets/HUDBP.uasset" 163
"../../../SuperPrototype/Content/StarterContent/Shapes/Shape_Torus.uasset" 164
"../../../SuperPrototype/Content/StarterContent/Shapes/Shape_Plane.uasset" 165
"../../../SuperPrototype/Content/StarterContent/Shapes/Shape_Pipe_90.uasset" 166
"../../../SuperPrototype/Content/StarterContent/Shapes/Shape_Pipe_180.uasset" 167
"../../../SuperPrototype/Content/StarterContent/Shapes/Shape_Pipe.uasset" 168
"../../../SuperPrototype/Content/StarterContent/Shapes/Shape_NarrowCapsule.uasset" 169
"../../../Engine/Content/MobileResources/HUD/MobileHUDDirectionStick.uasset" 170
"../../../SuperPrototype/Content/SuperPrototype/Assets/Objects/Computers/Keyboard/Keyboard_heights.uasset" 171
"../../../Engine/Content/MobileResources/HUD/MobileHUDDirectionPad2.uasset" 172
"../../../SuperPrototype/Content/SuperPrototype/UI/MainMenu/MainMenuGraphics/mechanic_concept_1.uasset" 173
"../../../Engine/Content/MobileResources/HUD/MobileHUDDirectionPad.uasset" 174
"../../../SuperPrototype/Content/SuperPrototype/Assets/Objects/Computers/Laptop_01.uasset" 175
"../../../SuperPrototype/Content/StarterContent/Shapes/Shape_WideCapsule.uasset" 176
"../../../SuperPrototype/Content/StarterContent/Shapes/Shape_Wedge_B.uasset" 177
"../../../SuperPrototype/Content/StarterContent/Shapes/Shape_Wedge_A.uasset" 178
"../../../SuperPrototype/Content/StarterContent/Shapes/Shape_Tube.uasset" 179
"../../../SuperPrototype/Content/StarterContent/Shapes/Shape_TriPyramid.uasset" 180
"../../../SuperPrototype/Content/StarterContent/Shapes/Shape_Trim_90_Out.uasset" 181
"../../../SuperPrototype/Content/StarterContent/Shapes/Shape_Trim_90_In.uasset" 182
"../../../SuperPrototype/Content/StarterContent/Shapes/Shape_Trim.uasset" 183
"../../../Engine/Content/MobileResources/HUD/MobileHUDButton2_off.uasset" 184
"../../../Engine/Content/MobileResources/HUD/MobileHUDButton1_on.uasset" 185
"../../../Engine/Content/MobileResources/HUD/LeftVirtualJoystickOnly.uasset" 186
"../../../Engine/Content/EngineMaterials/WorldGridMaterial.uasset" 187
"../../../Engine/Content/BasicShapes/Cube.uasset" 188
"../../../Engine/Content/BasicShapes/Cylinder.uasset" 189
"../../../Engine/Content/BasicShapes/Sphere.uasset" 190
"../../../Engine/Content/EditorMaterials/PhAT_JointLimitMaterial.uasset" 191
"../../../Engine/Content/EditorMaterials/PreviewShadowIndicator.uasset" 192
"../../../Engine/Content/EditorMaterials/PreviewShadowIndicatorMaterial.uasset" 193
"../../../Engine/Content/EditorResources/BSPVertex.uasset" 194
"../../../Engine/Content/EngineDebugMaterials/HeatmapGradient.uasset" 195
"../../../Engine/Content/EngineDebugMaterials/BoneWeightMaterial.uasset" 196
"../../../Engine/Content/EngineDebugMaterials/GeomMaterial.uasset" 197
"../../../Engine/Content/EngineMaterials/EditorBrushMaterial.uasset" 198
"../../../Engine/Content/EngineMeshes/Cube.uasset" 199
"../../../Engine/Content/MobileResources/HUD/MobileHUDButton2_on.uasset" 200
"../../../Engine/Content/Tutorial/Basics/TutorialAssets/icon_tab_Levels_40x.uasset" 201
"../../../Engine/Content/Tutorial/BlueprintTutorials/TutorialAssets/BlueprintInterface_64x.uasset" 202
"../../../Engine/Content/Tutorial/BlueprintTutorials/TutorialAssets/BlueprintMacroLibrary_64x.uasset" 203
"../../../Engine/Content/Tutorial/BlueprintTutorials/TutorialAssets/Blueprint_64x.uasset" 204
"../../../Engine/Content/Tutorial/BlueprintTutorials/TutorialAssets/Tutorial_BP_Interface.uasset" 205
"../../../Engine/Content/Tutorial/Foliage/TutorialAssets/Foliage.uasset" 206
"../../../Engine/Content/Tutorial/Landscape/TutorialAssets/Landscape.uasset" 207
"../../../Engine/Content/Tutorial/Paper2D/TutorialAssets/Paper2DFlipbook_TutorialIcon.uasset" 208
"../../../Engine/Content/Tutorial/Paper2D/TutorialAssets/Paper2DSprite_TutorialIcon.uasset" 209
"../../../Engine/Content/Tutorial/SubEditors/TutorialAssets/icon_Editor_Preferences_General_40x.uasset" 210
"../../../Engine/Content/Tutorial/SubEditors/TutorialAssets/icon_ShowSkeletalMeshes_40x.uasset" 211
"../../../Engine/Content/Tutorial/SubEditors/TutorialAssets/TutorialMaterial.uasset" 212
"../../../Engine/Content/Tutorial/SubEditors/TutorialAssets/T_SmokeSubUV_8X8.uasset" 213
"../../../Engine/Content/Tutorial/SubEditors/TutorialAssets/T_soft_smoke.uasset" 214
"../../../Engine/Content/Tutorial/SubEditors/TutorialAssets/M_smoke_subUV_blackbody.uasset" 215
"../../../Engine/Content/Tutorial/SubEditors/TutorialAssets/TutorialParticleSystem.uasset" 216
"../../../Engine/Content/EditorMeshes/EditorCube.uasset" 217
"../../../Engine/Content/Tutorial/SubEditors/TutorialAssets/Tutorial_DM.uasset" 218
"../../../SuperPrototype/Content/StarterContent/Architecture/Wall_400x400.uasset" 219
"../../../SuperPrototype/Content/StarterContent/Architecture/Wall_500x500.uasset" 220
"../../../SuperPrototype/Content/StarterContent/Architecture/Wall_Door_400x400.uasset" 221
"../../../SuperPrototype/Content/StarterContent/Architecture/Wall_Window_400x400.uasset" 222
"../../../SuperPrototype/Content/StarterContent/Audio/Light01_Cue.uasset" 223
"../../../SuperPrototype/Content/StarterContent/Audio/Light02_Cue.uasset" 224
"../../../Engine/Content/EditorMeshes/ColorCalibrator/T_ColorGrid.uasset" 225
"../../../SuperPrototype/Content/StarterContent/Materials/M_ColorGrid_LowSpec.uasset" 226
"../../../SuperPrototype/Content/StarterContent/Textures/T_Bush_D.uasset" 227
"../../../SuperPrototype/Content/StarterContent/Textures/T_Bush_N.uasset" 228
"../../../SuperPrototype/Content/StarterContent/Props/Materials/M_Bush.uasset" 229
"../../../SuperPrototype/Content/StarterContent/Props/SM_Bush.uasset" 230
"../../../SuperPrototype/Content/StarterContent/Textures/T_Chair_M.uasset" 231
"../../../SuperPrototype/Content/StarterContent/Textures/T_Chair_N.uasset" 232
"../../../SuperPrototype/Content/StarterContent/Props/Materials/M_Chair.uasset" 233
"../../../SuperPrototype/Content/StarterContent/Props/SM_Couch.uasset" 234
"../../../SuperPrototype/Content/StarterContent/Materials/M_Glass.uasset" 235
"../../../SuperPrototype/Content/StarterContent/Textures/T_Door_M.uasset" 236
"../../../SuperPrototype/Content/StarterContent/Textures/T_Door_N.uasset" 237
"../../../SuperPrototype/Content/StarterContent/Props/Materials/M_Door.uasset" 238
"../../../SuperPrototype/Content/StarterContent/Props/SM_Door.uasset" 239
"../../../SuperPrototype/Content/StarterContent/Props/Materials/M_MaterialSphere.uasset" 240
"../../../SuperPrototype/Content/StarterContent/Props/Materials/M_MaterialSphere_Plain.uasset" 241
"../../../SuperPrototype/Content/StarterContent/Props/SM_MatPreviewMesh_02.uasset" 242
"../../../Engine/Content/Functions/Engine_MaterialFunctions02/Utility/BlendAngleCorrectedNormals.uasset" 243
"../../../SuperPrototype/Content/StarterContent/Textures/T_Detail_Rocky_N.uasset" 244
"../../../SuperPrototype/Content/StarterContent/Textures/T_Rock_Basalt_D.uasset" 245
"../../../SuperPrototype/Content/StarterContent/Textures/T_RockMesh_M.uasset" 246
"../../../SuperPrototype/Content/StarterContent/Textures/T_RockMesh_N.uasset" 247
"../../../SuperPrototype/Content/StarterContent/Props/Materials/M_Rock.uasset" 248
"../../../SuperPrototype/Content/StarterContent/Props/SM_Rock.uasset" 249
"../../../SuperPrototype/Content/StarterContent/Textures/T_Shelf_M.uasset" 250
"../../../SuperPrototype/Content/StarterContent/Textures/T_Shelf_N.uasset" 251
"../../../SuperPrototype/Content/StarterContent/Props/Materials/M_Shelf.uasset" 252
"../../../SuperPrototype/Content/StarterContent/Props/SM_Shelf.uasset" 253
"../../../SuperPrototype/Content/StarterContent/Materials/M_Basic_Floor.uasset" 254
"../../../SuperPrototype/Content/StarterContent/Props/SM_Stairs.uasset" 255
"../../../SuperPrototype/Content/SuperPrototype/Animations/Player/Idle/idle_animation_PhysicsAsset.uasset" 256
"../../../SuperPrototype/Content/SuperPrototype/Animations/Player/Pickup/pick_up_PhysicsAsset.uasset" 257
"../../../SuperPrototype/Content/SuperPrototype/Assets/Objects/Computers/Keyboard/Keyboard_normals.uasset" 258
"../../../SuperPrototype/Content/SuperPrototype/Assets/Objects/Computers/Keyboard/Keyboard_occlusion.uasset" 259
"../../../SuperPrototype/Content/SuperPrototype/Assets/Objects/Computers/Keyboard/Mat_Keyboard.uasset" 260
"../../../SuperPrototype/Content/SuperPrototype/UI/PauseMenu/PauseMenuWidget.uasset" 261
"../../../SuperPrototype/Content/SuperPrototype/Player/CustomCamera.uasset" 262
"../../../SuperPrototype/Content/SuperPrototype/Animations/Player/Walk/walk_Skeleton.uasset" 263
"../../../SuperPrototype/Content/SuperPrototype/Animations/Player/Idle/idle_animation_Anim.uasset" 264
"../../../SuperPrototype/Content/SuperPrototype/Animations/Player/Pickup/pick_up_Anim.uasset" 265
"../../../SuperPrototype/Content/SuperPrototype/Animations/Player/Stab/stab_fixed_Anim.uasset" 266
"../../../SuperPrototype/Content/SuperPrototype/Animations/Player/Walk/walk_Anim.uasset" 267
"../../../SuperPrototype/Content/SuperPrototype/Animations/Worker_Death/death_Anim.uasset" 268
"../../../SuperPrototype/Content/SuperPrototype/Player/Animation/AnimInterface/AnimInterface.uasset" 269
"../../../SuperPrototype/Content/SuperPrototype/Animations/PlayerAnimBP.uasset" 270
"../../../SuperPrototype/Content/SuperPrototype/Player/Animation/animation_attack2_Anim.uasset" 271
"../../../SuperPrototype/Content/SuperPrototype/Player/AttackingInterface.uasset" 272
"../../../SuperPrototype/Content/SuperPrototype/Player/SuperCharInterface.uasset" 273
"../../../SuperPrototype/Content/SuperPrototype/Levels/TutorialLevel/Materials/Black.uasset" 274
"../../../SuperPrototype/Content/SuperPrototype/Animations/Player/Walk/CharacterClothingLow_TrouserLeg_FRONT_688920.uasset" 275
"../../../SuperPrototype/Content/SuperPrototype/Animations/Player/Walk/CharacterClothingLow_Waistline_FRONT_434998.uasset" 276
"../../../SuperPrototype/Content/SuperPrototype/Animations/Player/Walk/defaultMat1.uasset" 277
"../../../SuperPrototype/Content/SuperPrototype/Animations/Player/Walk/lambert1.uasset" 278
"../../../SuperPrototype/Content/SuperPrototype/Animations/Player/Walk/lambert2.uasset" 279
"../../../SuperPrototype/Content/SuperPrototype/Animations/Player/Walk/phong1.uasset" 280
"../../../SuperPrototype/Content/SuperPrototype/Animations/Player/Walk/phong2.uasset" 281
"../../../SuperPrototype/Content/SuperPrototype/Animations/Player/Walk/Skin.uasset" 282
"../../../SuperPrototype/Content/SuperPrototype/Animations/Player/Walk/walk_PhysicsAsset.uasset" 283
"../../../SuperPrototype/Content/SuperPrototype/Animations/Player/Walk/walk.uasset" 284
"../../../SuperPrototype/Content/SuperPrototype/Player/SuperCharacter.uasset" 285
"../../../SuperPrototype/Content/Mannequin/Animations/ThirdPerson_AnimBP2.uasset" 286
"../../../SuperPrototype/Content/SuperPrototype/Ai/SmartAIStops.uasset" 287
"../../../SuperPrototype/Content/SuperPrototype/GameOverCountdown.uasset" 288
"../../../SuperPrototype/Content/SuperPrototype/Assets/Textures/MetallicRed.uasset" 289
"../../../SuperPrototype/Content/SuperPrototype/Levels/TutorialLevel/Materials/BlackChair.uasset" 290
"../../../SuperPrototype/Content/SuperPrototype/Levels/TutorialLevel/Materials/Matt_Grey.uasset" 291
"../../../SuperPrototype/Content/SuperPrototype/Levels/TutorialLevel/Materials/White.uasset" 292
"../../../SuperPrototype/Content/SuperPrototype/Ai/Colleagues/CoWorker/AIState.uasset" 293
"../../../SuperPrototype/Content/SuperPrototype/Ai/Colleagues/CoWorker/Coworker.uasset" 294
"../../../SuperPrototype/Content/StarterContent/Textures/T_Perlin_Noise_M.uasset" 295
"../../../SuperPrototype/Content/StarterContent/Textures/T_Water_N.uasset" 296
"../../../SuperPrototype/Content/StarterContent/Materials/M_Water_Lake.uasset" 297
"../../../SuperPrototype/Content/SuperPrototype/Assets/Materials/NewMat0001.uasset" 298
"../../../SuperPrototype/Content/SuperPrototype/Levels/TutorialLevel/Texture-Checker-Base.uasset" 299
"../../../SuperPrototype/Content/SuperPrototype/Levels/TutorialLevel/Checker.uasset" 300
"../../../SuperPrototype/Content/SuperPrototype/Levels/TutorialLevel/Checker_Inst.uasset" 301
"../../../SuperPrototype/Content/SuperPrototype/Ai/Colleagues/Supervisor/SupervisorStates.uasset" 302
"../../../SuperPrototype/Content/SuperPrototype/Ai/Colleagues/Supervisor/Supervisor.uasset" 303
"../../../Engine/Content/Functions/MaterialLayerFunctions/MatLayerBlend_NormalBlend.uasset" 304
"../../../Engine/Content/Functions/MaterialLayerFunctions/MatLayerBlend_Simple.uasset" 305
"../../../SuperPrototype/Content/Mannequin/Character/Materials/MaterialLayers/T_ML_Rubber_Blue_01_D.uasset" 306
"../../../SuperPrototype/Content/Mannequin/Character/Materials/MaterialLayers/T_ML_Rubber_Blue_01_N.uasset" 307
"../../../SuperPrototype/Content/Mannequin/Character/Materials/MaterialLayers/ML_GlossyBlack_Latex_UE4.uasset" 308
"../../../SuperPrototype/Content/Mannequin/Character/Materials/MaterialLayers/ML_Plastic_Shiny_Beige.uasset" 309
"../../../SuperPrototype/Content/Mannequin/Character/Textures/UE4_LOGO_CARD.uasset" 310
"../../../SuperPrototype/Content/Mannequin/Character/Materials/MaterialLayers/ML_Plastic_Shiny_Beige_LOGO.uasset" 311
"../../../SuperPrototype/Content/Mannequin/Character/Materials/MaterialLayers/T_ML_Aluminum01.uasset" 312
"../../../SuperPrototype/Content/Mannequin/Character/Materials/MaterialLayers/T_ML_Aluminum01_N.uasset" 313
"../../../SuperPrototype/Content/Mannequin/Character/Materials/MaterialLayers/ML_SoftMetal_UE4.uasset" 314
"../../../SuperPrototype/Content/Mannequin/Character/Textures/UE4_Mannequin__normals.uasset" 315
"../../../SuperPrototype/Content/Mannequin/Character/Textures/UE4_Mannequin_MAT_MASKA.uasset" 316
"../../../SuperPrototype/Content/Mannequin/Character/Materials/M_UE4Man_Body.uasset" 317
"../../../SuperPrototype/Content/Mannequin/Character/Textures/UE4Man_Logo_N.uasset" 318
"../../../SuperPrototype/Content/Mannequin/Character/Materials/M_UE4Man_ChestLogo.uasset" 319
"../../../SuperPrototype/Content/Mannequin/Character/Mesh/SK_Mannequin_PhysicsAsset.uasset" 320
"../../../SuperPrototype/Content/Mannequin/Character/Mesh/SK_Mannequin.uasset" 321
"../../../SuperPrototype/Content/SuperPrototype/Ai/Colleagues/Parents/WorkerAI.uasset" 322
"../../../SuperPrototype/Content/SuperPrototype/Ai/AIBot_Blueprint.uasset" 323
"../../../SuperPrototype/Content/SuperPrototype/UI/HUD/Assets/BebasNeue.uasset" 324
"../../../SuperPrototype/Content/SuperPrototype/UI/HUD/Assets/PauseButtons/Exit/Exit_Clicked.uasset" 325
"../../../SuperPrototype/Content/SuperPrototype/UI/HUD/Assets/PauseButtons/Exit/Exit_Hovered.uasset" 326
"../../../SuperPrototype/Content/SuperPrototype/UI/HUD/Assets/PauseButtons/Exit/Exit_Idle.uasset" 327
"../../../SuperPrototype/Content/SuperPrototype/UI/HUD/Assets/PauseButtons/REstart/Restart_Clicked.uasset" 328
"../../../SuperPrototype/Content/SuperPrototype/UI/HUD/Assets/PauseButtons/REstart/Restart_Hovered.uasset" 329
"../../../SuperPrototype/Content/SuperPrototype/UI/HUD/Assets/PauseButtons/REstart/Restart_Idle.uasset" 330
"../../../SuperPrototype/Content/SuperPrototype/UI/HUD/Assets/PauseButtons/Resume/Resume_Clicked.uasset" 331
"../../../SuperPrototype/Content/SuperPrototype/UI/HUD/Assets/PauseButtons/Resume/Resume_Hovered.uasset" 332
"../../../SuperPrototype/Content/SuperPrototype/UI/HUD/Assets/PauseButtons/Resume/Resume_Idle.uasset" 333
"../../../SuperPrototype/Content/SuperPrototype/UI/HUD/Assets/Phone_Pause_Menu.uasset" 334
"../../../SuperPrototype/Content/SuperPrototype/UI/HUD/Assets/Phone_Tutorial_Menu.uasset" 335
"../../../SuperPrototype/Content/SuperPrototype/UI/HUD/Assets/PHONEBG.uasset" 336
"../../../SuperPrototype/Content/SuperPrototype/UI/HUD/Assets/PHONENOTIFICATION.uasset" 337
"../../../SuperPrototype/Content/SuperPrototype/UI/HUD/Assets/HUD.uasset" 338
"../../../SuperPrototype/Content/SuperPrototype/Player/SuperControllerN.uasset" 339
"../../../SuperPrototype/Content/SuperPrototype/UI/BossDead/Assets/BossKillBG.uasset" 340
"../../../SuperPrototype/Content/SuperPrototype/UI/GameOver/Assets/A.uasset" 341
"../../../SuperPrototype/Content/SuperPrototype/UI/GameOver/Assets/E.uasset" 342
"../../../SuperPrototype/Content/SuperPrototype/UI/GameOver/Assets/Fired.uasset" 343
"../../../SuperPrototype/Content/SuperPrototype/UI/GameOver/Assets/O.uasset" 344
"../../../SuperPrototype/Content/SuperPrototype/UI/GameOver/Assets/R.uasset" 345
"../../../SuperPrototype/Content/SuperPrototype/UI/GameOver/Assets/U.uasset" 346
"../../../SuperPrototype/Content/SuperPrototype/UI/GameOver/Assets/Y.uasset" 347
"../../../SuperPrototype/Content/SuperPrototype/UI/MainMenu/MainMenuGraphics/Buttons/Play/Play_Clicked.uasset" 348
"../../../SuperPrototype/Content/SuperPrototype/UI/MainMenu/MainMenuGraphics/Buttons/Play/Play_Hover.uasset" 349
"../../../SuperPrototype/Content/SuperPrototype/UI/MainMenu/MainMenuGraphics/Buttons/Play/Play_Idle.uasset" 350
"../../../SuperPrototype/Content/SuperPrototype/UI/MainMenu/MainMenuGraphics/Buttons/Quit/Quit_Clicked.uasset" 351
"../../../SuperPrototype/Content/SuperPrototype/UI/MainMenu/MainMenuGraphics/Buttons/Quit/Quit_Hovered.uasset" 352
"../../../SuperPrototype/Content/SuperPrototype/UI/MainMenu/MainMenuGraphics/Buttons/Quit/Quit_Idle.uasset" 353
"../../../SuperPrototype/Content/SuperPrototype/UI/GameOver/GameOverWidget.uasset" 354
"../../../SuperPrototype/Content/SuperPrototype/UI/BossDead/Assets/NextLevel_Clicked.uasset" 355
"../../../SuperPrototype/Content/SuperPrototype/UI/BossDead/Assets/NextLevel_Hovered.uasset" 356
"../../../SuperPrototype/Content/SuperPrototype/UI/BossDead/Assets/NextLevel_Idle.uasset" 357
"../../../SuperPrototype/Content/SuperPrototype/UI/BossDead/BossDeadWidget.uasset" 358
"../../../SuperPrototype/Content/SuperPrototype/Player/SuperGameMode.uasset" 359
"../../../SuperPrototype/Content/SuperPrototype/IspeakToGameMode.uasset" 360
"../../../SuperPrototype/Content/SuperPrototype/WeaponSizes.uasset" 361
"../../../SuperPrototype/Content/SuperPrototype/Weapons/Weapon.uasset" 362
"../../../SuperPrototype/Content/StarterContent/Textures/T_MacroVariation.uasset" 363
"../../../SuperPrototype/Content/StarterContent/Materials/M_Metal_Chrome.uasset" 364
"../../../SuperPrototype/Content/SuperPrototype/Assets/Objects/OfficeSupplies/Stapler_01.uasset" 365
"../../../SuperPrototype/Content/SuperPrototype/Weapons/Stapler.uasset" 366
"../../../SuperPrototype/Content/SuperPrototype/UI/MainMenu/MainMenuGraphics/Buttons/Options/Options_Clicked.uasset" 367
"../../../SuperPrototype/Content/SuperPrototype/UI/MainMenu/MainMenuGraphics/Buttons/Options/Options_Hovered.uasset" 368
"../../../SuperPrototype/Content/SuperPrototype/UI/MainMenu/MainMenuGraphics/Buttons/Options/Options_Idle.uasset" 369
"../../../SuperPrototype/Content/SuperPrototype/UI/MainMenu/MainMenuGraphics/title_screen.uasset" 370
"../../../SuperPrototype/Content/SuperPrototype/UI/OptionsMenu/Buttons/1280x720/1280x720_Clicked.uasset" 371
"../../../SuperPrototype/Content/SuperPrototype/UI/OptionsMenu/Buttons/1280x720/1280x720_Hovered.uasset" 372
"../../../SuperPrototype/Content/SuperPrototype/UI/OptionsMenu/Buttons/1280x720/1280x720_Idle.uasset" 373
"../../../SuperPrototype/Content/SuperPrototype/UI/OptionsMenu/Buttons/1920x1080/1920x1080_Clicked.uasset" 374
"../../../SuperPrototype/Content/SuperPrototype/UI/OptionsMenu/Buttons/1920x1080/1920x1080_Hovered.uasset" 375
"../../../SuperPrototype/Content/SuperPrototype/UI/OptionsMenu/Buttons/1920x1080/1920x1080_Idle.uasset" 376
"../../../SuperPrototype/Content/SuperPrototype/UI/OptionsMenu/Buttons/640x480/640x480_Clicked.uasset" 377
"../../../SuperPrototype/Content/SuperPrototype/UI/OptionsMenu/Buttons/640x480/640x480_Hovered.uasset" 378
"../../../SuperPrototype/Content/SuperPrototype/UI/OptionsMenu/Buttons/640x480/640x480_Idle.uasset" 379
"../../../SuperPrototype/Content/SuperPrototype/UI/OptionsMenu/Buttons/Back/Back_Clicked.uasset" 380
"../../../SuperPrototype/Content/SuperPrototype/UI/OptionsMenu/Buttons/Back/Back_Hovered.uasset" 381
"../../../SuperPrototype/Content/SuperPrototype/UI/OptionsMenu/Buttons/Back/Back_Idle.uasset" 382
"../../../SuperPrototype/Content/SuperPrototype/UI/OptionsMenu/Buttons/FullScreen/FullScreen_Clicked.uasset" 383
"../../../SuperPrototype/Content/SuperPrototype/UI/OptionsMenu/Buttons/FullScreen/FullScreen_Hovered.uasset" 384
"../../../SuperPrototype/Content/SuperPrototype/UI/OptionsMenu/Buttons/FullScreen/FullScreen_Idle.uasset" 385
"../../../SuperPrototype/Content/SuperPrototype/UI/OptionsMenu/OptionsMenuBG.uasset" 386
"../../../SuperPrototype/Content/SuperPrototype/UI/MainMenu/MainMenuWIdget.uasset" 387
"../../../SuperPrototype/Content/SuperPrototype/UI/MainMenu/MainMenuHUD.uasset" 388
"../../../SuperPrototype/Content/SuperPrototype/UI/MainMenu/MainMenuGameMode.uasset" 389
"../../../SuperPrototype/Content/SuperPrototype/UI/MainMenu/MainMenuLevel.umap" 390
"../../../Engine/Content/EngineMaterials/DefaultNormal.uasset" 391
"../../../Engine/Content/Maps/Entry.umap" 392
"../../../SuperPrototype/Content/StarterContent/Audio/Fire01_Cue.uasset" 393
"../../../SuperPrototype/Content/StarterContent/Textures/T_Fire_SubUV.uasset" 394
"../../../SuperPrototype/Content/StarterContent/Textures/T_Fire_Tiled_D.uasset" 395
"../../../SuperPrototype/Content/StarterContent/Particles/Materials/M_Fire_SubUV.uasset" 396
"../../../SuperPrototype/Content/StarterContent/Particles/Materials/M_Heat_Distortion.uasset" 397
"../../../SuperPrototype/Content/StarterContent/Particles/Materials/M_Radial_Gradient.uasset" 398
"../../../SuperPrototype/Content/StarterContent/Particles/P_Fire.uasset" 399
"../../../SuperPrototype/Content/StarterContent/Blueprints/Blueprint_Effect_Fire.uasset" 400
"../../../SuperPrototype/Content/StarterContent/Audio/Smoke01_Cue.uasset" 401
"../../../SuperPrototype/Content/StarterContent/Particles/P_Smoke.uasset" 402
"../../../SuperPrototype/Content/StarterContent/Blueprints/Blueprint_Effect_Smoke.uasset" 403
"../../../SuperPrototype/Content/StarterContent/Audio/Fire_Sparks01_Cue.uasset" 404
"../../../SuperPrototype/Content/StarterContent/Textures/T_Spark_Core.uasset" 405
"../../../SuperPrototype/Content/StarterContent/Particles/Materials/M_Spark.uasset" 406
"../../../SuperPrototype/Content/StarterContent/Particles/P_Sparks.uasset" 407
"../../../SuperPrototype/Content/StarterContent/Blueprints/Blueprint_Effect_Sparks.uasset" 408
"../../../SuperPrototype/Content/StarterContent/Audio/Steam01_Cue.uasset" 409
"../../../SuperPrototype/Content/StarterContent/Particles/P_Steam_Lit.uasset" 410
"../../../SuperPrototype/Content/StarterContent/Blueprints/Blueprint_Effect_Steam.uasset" 411
"../../../Engine/Content/EngineSky/C_Sky_Cloud_Color.uasset" 412
"../../../Engine/Content/EngineSky/C_Sky_Horizon_Color.uasset" 413
"../../../Engine/Content/EngineSky/C_Sky_Zenith_Color.uasset" 414
"../../../Engine/Content/EngineSky/T_Sky_Blue.uasset" 415
"../../../Engine/Content/EngineSky/T_Sky_Clouds_M.uasset" 416
"../../../Engine/Content/EngineSky/T_Sky_Stars.uasset" 417
"../../../Engine/Content/EngineSky/M_Sky_Panning_Clouds2.uasset" 418
"../../../Engine/Content/EngineSky/SM_SkySphere.uasset" 419
"../../../Engine/Content/EngineSky/BP_Sky_Sphere.uasset" 420
"../../../SuperPrototype/Content/StarterContent/Textures/T_Lamp_M.uasset" 421
"../../../SuperPrototype/Content/StarterContent/Textures/T_Lamp_N.uasset" 422
"../../../SuperPrototype/Content/StarterContent/Props/Materials/M_Lamp.uasset" 423
"../../../SuperPrototype/Content/StarterContent/Props/SM_Lamp_Ceiling.uasset" 424
"../../../SuperPrototype/Content/StarterContent/Blueprints/Blueprint_CeilingLight.uasset" 425
"../../../SuperPrototype/Content/StarterContent/Props/SM_Lamp_Wall.uasset" 426
"../../../SuperPrototype/Content/StarterContent/Blueprints/Blueprint_WallSconce.uasset" 427
"../../../Engine/Content/Functions/Engine_MaterialFunctions03/Procedurals/ComputeFilterWidth.uasset" 428
"../../../Engine/Content/EngineMaterials/AntiAliasedTextMaterialTranslucent.uasset" 429
"../../../SuperPrototype/Content/StarterContent/Textures/T_Brick_Clay_Beveled_D.uasset" 430
"../../../SuperPrototype/Content/StarterContent/Textures/T_Brick_Clay_Beveled_M.uasset" 431
"../../../SuperPrototype/Content/StarterContent/Textures/T_Brick_Clay_Beveled_N.uasset" 432
"../../../SuperPrototype/Content/StarterContent/Materials/M_Brick_Clay_Beveled.uasset" 433
"../../../SuperPrototype/Content/StarterContent/Textures/T_Brick_Clay_New_D.uasset" 434
"../../../SuperPrototype/Content/StarterContent/Textures/T_Brick_Clay_New_M.uasset" 435
"../../../SuperPrototype/Content/StarterContent/Textures/T_Brick_Clay_New_N.uasset" 436
"../../../SuperPrototype/Content/StarterContent/Materials/M_Brick_Clay_New.uasset" 437
"../../../SuperPrototype/Content/StarterContent/Textures/T_Brick_Clay_Old_D.uasset" 438
"../../../SuperPrototype/Content/StarterContent/Textures/T_Brick_Clay_Old_N.uasset" 439
"../../../SuperPrototype/Content/StarterContent/Materials/M_Brick_Clay_Old.uasset" 440
"../../../SuperPrototype/Content/StarterContent/Textures/T_Brick_Cut_Stone_D.uasset" 441
"../../../SuperPrototype/Content/StarterContent/Textures/T_Brick_Cut_Stone_N.uasset" 442
"../../../SuperPrototype/Content/StarterContent/Materials/M_Brick_Cut_Stone.uasset" 443
"../../../SuperPrototype/Content/StarterContent/Textures/T_Brick_Hewn_Stone_D.uasset" 444
"../../../SuperPrototype/Content/StarterContent/Textures/T_Brick_Hewn_Stone_M.uasset" 445
"../../../SuperPrototype/Content/StarterContent/Textures/T_Brick_Hewn_Stone_N.uasset" 446
"../../../SuperPrototype/Content/StarterContent/Materials/M_Brick_Hewn_Stone.uasset" 447
"../../../SuperPrototype/Content/StarterContent/Textures/T_Ceramic_Tile_M.uasset" 448
"../../../SuperPrototype/Content/StarterContent/Textures/T_Ceramic_Tile_N.uasset" 449
"../../../SuperPrototype/Content/StarterContent/Textures/T_Rock_Marble_Polished_D.uasset" 450
"../../../SuperPrototype/Content/StarterContent/Materials/M_Ceramic_Tile_Checker.uasset" 451
"../../../SuperPrototype/Content/StarterContent/Textures/T_CobbleStone_Pebble_D.uasset" 452
"../../../SuperPrototype/Content/StarterContent/Textures/T_CobbleStone_Pebble_M.uasset" 453
"../../../SuperPrototype/Content/StarterContent/Textures/T_CobbleStone_Pebble_N.uasset" 454
"../../../SuperPrototype/Content/StarterContent/Materials/M_CobbleStone_Pebble.uasset" 455
"../../../SuperPrototype/Content/StarterContent/Textures/T_CobbleStone_Rough_D.uasset" 456
"../../../SuperPrototype/Content/StarterContent/Textures/T_CobbleStone_Rough_N.uasset" 457
"../../../SuperPrototype/Content/StarterContent/Textures/T_Gradinet_01.uasset" 458
"../../../SuperPrototype/Content/StarterContent/Textures/T_Rock_Smooth_Granite_D.uasset" 459
"../../../SuperPrototype/Content/StarterContent/Materials/M_CobbleStone_Rough.uasset" 460
"../../../SuperPrototype/Content/StarterContent/Textures/T_CobbleStone_Smooth_D.uasset" 461
"../../../SuperPrototype/Content/StarterContent/Textures/T_CobbleStone_Smooth_M.uasset" 462
"../../../SuperPrototype/Content/StarterContent/Textures/T_CobbleStone_Smooth_N.uasset" 463
"../../../SuperPrototype/Content/StarterContent/Materials/M_CobbleStone_Smooth.uasset" 464
"../../../SuperPrototype/Content/StarterContent/Textures/T_Concrete_Grime_D.uasset" 465
"../../../SuperPrototype/Content/StarterContent/Textures/T_Metal_Rust_N.uasset" 466
"../../../SuperPrototype/Content/StarterContent/Materials/M_Concrete_Grime.uasset" 467
"../../../SuperPrototype/Content/StarterContent/Textures/T_Concrete_Panels_D.uasset" 468
"../../../SuperPrototype/Content/StarterContent/Textures/T_Concrete_Panels_N.uasset" 469
"../../../SuperPrototype/Content/StarterContent/Materials/M_Concrete_Panels.uasset" 470
"../../../SuperPrototype/Content/StarterContent/Textures/T_Concrete_Poured_D.uasset" 471
"../../../SuperPrototype/Content/StarterContent/Textures/T_Concrete_Poured_N.uasset" 472
"../../../SuperPrototype/Content/StarterContent/Materials/M_Concrete_Poured.uasset" 473
"../../../SuperPrototype/Content/StarterContent/Textures/T_Concrete_Tiles_D.uasset" 474
"../../../SuperPrototype/Content/StarterContent/Textures/T_Concrete_Tiles_M.uasset" 475
"../../../SuperPrototype/Content/StarterContent/Textures/T_Concrete_Tiles_N.uasset" 476
"../../../SuperPrototype/Content/StarterContent/Textures/T_Concrete_Tiles_Variation_M.uasset" 477
"../../../SuperPrototype/Content/StarterContent/Materials/M_Concrete_Tiles.uasset" 478
"../../../SuperPrototype/Content/StarterContent/Textures/T_Ground_Grass_D.uasset" 479
"../../../SuperPrototype/Content/StarterContent/Textures/T_Ground_Grass_N.uasset" 480
"../../../SuperPrototype/Content/StarterContent/Materials/M_Ground_Grass.uasset" 481
"../../../SuperPrototype/Content/StarterContent/Textures/T_Ground_Gravel_D.uasset" 482
"../../../SuperPrototype/Content/StarterContent/Textures/T_Ground_Gravel_N.uasset" 483
"../../../SuperPrototype/Content/StarterContent/Materials/M_Ground_Gravel.uasset" 484
"../../../SuperPrototype/Content/StarterContent/Textures/T_ground_Moss_D.uasset" 485
"../../../SuperPrototype/Content/StarterContent/Textures/T_Ground_Moss_N.uasset" 486
"../../../SuperPrototype/Content/StarterContent/Materials/M_Ground_Moss.uasset" 487
"../../../SuperPrototype/Content/StarterContent/Materials/M_Metal_Brushed_Nickel.uasset" 488
"../../../SuperPrototype/Content/StarterContent/Textures/T_Metal_Aluminum_D.uasset" 489
"../../../SuperPrototype/Content/StarterContent/Textures/T_Metal_Gold_N.uasset" 490
"../../../SuperPrototype/Content/StarterContent/Materials/M_Metal_Burnished_Steel.uasset" 491
"../../../SuperPrototype/Content/StarterContent/Textures/T_Metal_Copper_D.uasset" 492
"../../../SuperPrototype/Content/StarterContent/Materials/M_Metal_Copper.uasset" 493
"../../../SuperPrototype/Content/StarterContent/Textures/T_Metal_Gold_D.uasset" 494
"../../../SuperPrototype/Content/StarterContent/Materials/M_Metal_Gold.uasset" 495
"../../../SuperPrototype/Content/StarterContent/Textures/T_Metal_Rust_D.uasset" 496
"../../../SuperPrototype/Content/StarterContent/Materials/M_Metal_Rust.uasset" 497
"../../../SuperPrototype/Content/StarterContent/Textures/T_Metal_Steel_D.uasset" 498
"../../../SuperPrototype/Content/StarterContent/Textures/T_Metal_Steel_N.uasset" 499
"../../../SuperPrototype/Content/StarterContent/Materials/M_Metal_Steel.uasset" 500
"../../../SuperPrototype/Content/StarterContent/Textures/T_Rock_Basalt_N.uasset" 501
"../../../SuperPrototype/Content/StarterContent/Materials/M_Rock_Basalt.uasset" 502
"../../../SuperPrototype/Content/StarterContent/Materials/M_Rock_Marble_Polished.uasset" 503
"../../../SuperPrototype/Content/StarterContent/Textures/T_Rock_Sandstone_D.uasset" 504
"../../../SuperPrototype/Content/StarterContent/Textures/T_Rock_Sandstone_N.uasset" 505
"../../../SuperPrototype/Content/StarterContent/Materials/M_Rock_Sandstone.uasset" 506
"../../../SuperPrototype/Content/StarterContent/Textures/T_Rock_Slate_D.uasset" 507
"../../../SuperPrototype/Content/StarterContent/Textures/T_Rock_Slate_N.uasset" 508
"../../../SuperPrototype/Content/StarterContent/Materials/M_Rock_Slate.uasset" 509
"../../../SuperPrototype/Content/StarterContent/Textures/T_Checker_Noise_M.uasset" 510
"../../../SuperPrototype/Content/StarterContent/Textures/T_Single_Tile_N.uasset" 511
"../../../SuperPrototype/Content/StarterContent/Textures/T_Tech_Dot_M.uasset" 512
"../../../SuperPrototype/Content/StarterContent/Textures/T_Tech_Dot_N.uasset" 513
"../../../SuperPrototype/Content/StarterContent/Materials/M_Tech_Checker_Dot.uasset" 514
"../../../SuperPrototype/Content/StarterContent/Textures/T_Tech_Hex_Tile_M.uasset" 515
"../../../SuperPrototype/Content/StarterContent/Textures/T_Tech_Hex_Tile_N.uasset" 516
"../../../SuperPrototype/Content/StarterContent/Materials/M_Tech_Hex_Tile.uasset" 517
"../../../SuperPrototype/Content/StarterContent/Materials/M_Tech_Hex_Tile_Pulse.uasset" 518
"../../../SuperPrototype/Content/StarterContent/Textures/T_Tech_Panel_M.uasset" 519
"../../../SuperPrototype/Content/StarterContent/Textures/T_Tech_Panel_N.uasset" 520
"../../../SuperPrototype/Content/StarterContent/Materials/M_Tech_Panel.uasset" 521
"../../../SuperPrototype/Content/StarterContent/Textures/T_Water_M.uasset" 522
"../../../SuperPrototype/Content/StarterContent/Materials/M_Water_Ocean.uasset" 523
"../../../SuperPrototype/Content/StarterContent/Textures/T_Wood_Floor_Walnut_D.uasset" 524
"../../../SuperPrototype/Content/StarterContent/Textures/T_Wood_Floor_Walnut_M.uasset" 525
"../../../SuperPrototype/Content/StarterContent/Textures/T_Wood_Floor_Walnut_N.uasset" 526
"../../../SuperPrototype/Content/StarterContent/Materials/M_Wood_Floor_Walnut_Polished.uasset" 527
"../../../Engine/Content/Functions/Engine_MaterialFunctions01/Opacity/AlphaOffset.uasset" 528
"../../../SuperPrototype/Content/StarterContent/Materials/M_Wood_Floor_Walnut_Worn.uasset" 529
"../../../SuperPrototype/Content/StarterContent/Textures/T_Wood_Oak_D.uasset" 530
"../../../SuperPrototype/Content/StarterContent/Textures/T_Wood_Oak_N.uasset" 531
"../../../SuperPrototype/Content/StarterContent/Materials/M_Wood_Oak.uasset" 532
"../../../SuperPrototype/Content/StarterContent/Textures/T_Wood_Pine_D.uasset" 533
"../../../SuperPrototype/Content/StarterContent/Textures/T_Wood_Pine_N.uasset" 534
"../../../SuperPrototype/Content/StarterContent/Materials/M_Wood_Pine.uasset" 535
"../../../SuperPrototype/Content/StarterContent/Textures/T_Wood_Walnut_D.uasset" 536
"../../../SuperPrototype/Content/StarterContent/Textures/T_Wood_Walnut_N.uasset" 537
"../../../SuperPrototype/Content/StarterContent/Materials/M_Wood_Walnut.uasset" 538
"../../../SuperPrototype/Content/StarterContent/Architecture/Floor_400x400.uasset" 539
"../../../SuperPrototype/Content/StarterContent/Architecture/Wall_400x200.uasset" 540
"../../../SuperPrototype/Content/StarterContent/Architecture/Wall_Door_400x300.uasset" 541
"../../../SuperPrototype/Content/StarterContent/Architecture/Wall_Window_400x300.uasset" 542
"../../../SuperPrototype/Content/StarterContent/Audio/Collapse_Cue.uasset" 543
"../../../SuperPrototype/Content/StarterContent/Audio/Starter_Background_Cue.uasset" 544
"../../../SuperPrototype/Content/StarterContent/Audio/Starter_Music_Cue.uasset" 545
"../../../SuperPrototype/Content/StarterContent/Textures/T_Dust_Particle_D.uasset" 546
"../../../SuperPrototype/Content/StarterContent/Particles/Materials/M_Dust_Particle.uasset" 547
"../../../SuperPrototype/Content/StarterContent/Particles/P_Ambient_Dust.uasset" 548
"../../../SuperPrototype/Content/StarterContent/Props/MaterialSphere.uasset" 549
"../../../SuperPrototype/Content/StarterContent/Props/SM_Chair.uasset" 550
"../../../SuperPrototype/Content/StarterContent/Textures/T_Frame_M.uasset" 551
"../../../SuperPrototype/Content/StarterContent/Textures/T_Frame_N.uasset" 552
"../../../SuperPrototype/Content/StarterContent/Props/Materials/M_Frame.uasset" 553
"../../../SuperPrototype/Content/StarterContent/Props/SM_CornerFrame.uasset" 554
"../../../SuperPrototype/Content/StarterContent/Props/SM_DoorFrame.uasset" 555
"../../../SuperPrototype/Content/StarterContent/Props/SM_GlassWindow.uasset" 556
"../../../SuperPrototype/Content/StarterContent/Props/SM_PillarFrame.uasset" 557
"../../../SuperPrototype/Content/StarterContent/Props/SM_PillarFrame300.uasset" 558
"../../../SuperPrototype/Content/StarterContent/Textures/T_Statue_M.uasset" 559
"../../../SuperPrototype/Content/StarterContent/Textures/T_Statue_N.uasset" 560
"../../../SuperPrototype/Content/StarterContent/Props/Materials/M_Statue.uasset" 561
"../../../SuperPrototype/Content/StarterContent/Props/Materials/M_StatueGlass.uasset" 562
"../../../SuperPrototype/Content/StarterContent/Props/SM_Statue.uasset" 563
"../../../SuperPrototype/Content/StarterContent/Textures/T_TableRound_M.uasset" 564
"../../../SuperPrototype/Content/StarterContent/Textures/T_TableRound_N.uasset" 565
"../../../SuperPrototype/Content/StarterContent/Props/Materials/M_TableRound.uasset" 566
"../../../SuperPrototype/Content/StarterContent/Props/SM_TableRound.uasset" 567
"../../../SuperPrototype/Content/StarterContent/Props/SM_WindowFrame.uasset" 568
"../../../SuperPrototype/Content/StarterContent/Shapes/Shape_Cube.uasset" 569
"../../../SuperPrototype/Content/StarterContent/Shapes/Shape_QuadPyramid.uasset" 570
"../../../SuperPrototype/Content/StarterContent/Shapes/Shape_Sphere.uasset" 571
"../../../SuperPrototype/Content/StarterContent/Maps/StarterMap.umap" 572
"../../../SuperPrototype/Content/StarterContent/Maps/Minimal_Default.umap" 573
"../../../SuperPrototype/Content/StarterContent/Blueprints/Assets/FogBrightnessLUT.uasset" 574
"../../../SuperPrototype/Content/StarterContent/Blueprints/Assets/SunlightColorLUT.uasset" 575
"../../../SuperPrototype/Content/StarterContent/Blueprints/Assets/M_LightStage_Arrows.uasset" 576
"../../../Engine/Content/MapTemplates/Sky/DaylightAmbientCubemap.uasset" 577
"../../../SuperPrototype/Content/StarterContent/Blueprints/Assets/M_LightStage_Skybox_Master.uasset" 578
"../../../SuperPrototype/Content/StarterContent/Blueprints/Assets/M_LightStage_Skybox_Black.uasset" 579
"../../../SuperPrototype/Content/StarterContent/Blueprints/Assets/M_LightStage_Skybox_HDRI.uasset" 580
"../../../Engine/Content/EditorMaterials/Thumbnails/SkySphereMaterial.uasset" 581
"../../../SuperPrototype/Content/StarterContent/Blueprints/Assets/Skybox.uasset" 582
"../../../SuperPrototype/Content/StarterContent/Blueprints/Assets/SM_Arrows.uasset" 583
"../../../SuperPrototype/Content/StarterContent/HDRI/HDRI_Epic_Courtyard_Daylight.uasset" 584
"../../../SuperPrototype/Content/StarterContent/Blueprints/BP_LightStudio.uasset" 585
"../../../SuperPrototype/Content/StarterContent/Materials/M_AssetPlatform.uasset" 586
"../../../Engine/Content/EditorMeshes/ColorCalibrator/M_ChromeBall.uasset" 587
"../../../Engine/Content/EditorMeshes/ColorCalibrator/M_ClearCoat.uasset" 588
"../../../Engine/Content/EditorMeshes/ColorCalibrator/M_ClearCoatBlack.uasset" 589
"../../../Engine/Content/EditorMeshes/ColorCalibrator/M_ColorGrid.uasset" 590
"../../../Engine/Content/EditorMeshes/ColorCalibrator/M_GreyBall.uasset" 591
"../../../Engine/Content/EditorMeshes/ColorCalibrator/SM_ColorCalibrator.uasset" 592
"../../../SuperPrototype/Content/StarterContent/Architecture/SM_AssetPlatform.uasset" 593
"../../../SuperPrototype/Content/StarterContent/Maps/Advanced_Lighting.umap" 594
"../../../SuperPrototype/Content/SuperPrototype/Assets/Textures/MetallicWhite.uasset" 595
"../../../SuperPrototype/Content/SuperPrototype/Ai/Camera/CameraDetection.uasset" 596
"../../../Engine/Content/BasicShapes/Cone.uasset" 597
"../../../SuperPrototype/Content/Geometry/Meshes/1M_Cube.uasset" 598
"../../../SuperPrototype/Content/StarterContent/Shapes/Shape_Cylinder.uasset" 599
"../../../SuperPrototype/Content/SuperPrototype/Ai/Camera/SecurityCamera.uasset" 600
"../../../SuperPrototype/Content/SuperPrototype/Ai/Colleagues/Boss/Boss.uasset" 601
"../../../SuperPrototype/Content/SuperPrototype/TutorialTriggerBox.uasset" 602
"../../../SuperPrototype/Content/SuperPrototype/WeaponCheckBox.uasset" 603
"../../../SuperPrototype/Content/SuperPrototype/Animations/Worker_WorkPose/work_pose_Skeleton.uasset" 604
"../../../SuperPrototype/Content/SuperPrototype/Animations/Worker_WorkPose/work_pose_Anim.uasset" 605
"../../../SuperPrototype/Content/SuperPrototype/Animations/Worker_WorkPose/body_m.uasset" 606
"../../../SuperPrototype/Content/SuperPrototype/Animations/Worker_WorkPose/logo_m.uasset" 607
"../../../SuperPrototype/Content/SuperPrototype/Animations/Worker_WorkPose/work_pose_PhysicsAsset.uasset" 608
"../../../SuperPrototype/Content/SuperPrototype/Animations/Worker_WorkPose/work_pose.uasset" 609
"../../../SuperPrototype/Content/SuperPrototype/Ai/SittingDown/SittingDownCoWorker.uasset" 610
"../../../SuperPrototype/Content/SuperPrototype/Levels/TutorialLevel/Materials/Chrome.uasset" 611
"../../../SuperPrototype/Content/SuperPrototype/Levels/TutorialLevel/Materials/Red.uasset" 612
"../../../SuperPrototype/Content/SuperPrototype/Levels/TutorialLevel/Assets/Basic_Lamp.uasset" 613
"../../../SuperPrototype/Content/SuperPrototype/Levels/TutorialLevel/Assets/Basic_Lamp_BP.uasset" 614
"../../../SuperPrototype/Content/SuperPrototype/Levels/TutorialLevel/Materials/MonitorScreen.uasset" 615
"../../../SuperPrototype/Content/SuperPrototype/Levels/TutorialLevel/Assets/Laptop_01.uasset" 616
"../../../SuperPrototype/Content/SuperPrototype/Levels/TutorialLevel/Assets/Laptop_01_BP.uasset" 617
"../../../SuperPrototype/Content/SuperPrototype/Levels/TutorialLevel/Materials/Walls.uasset" 618
"../../../SuperPrototype/Content/SuperPrototype/Levels/TutorialLevel/Assets/PC_Setup.uasset" 619
"../../../SuperPrototype/Content/SuperPrototype/Levels/TutorialLevel/Assets/PC_Setup_Blueprint.uasset" 620
"../../../SuperPrototype/Content/SuperPrototype/Levels/TutorialLevel/Materials/Floor02.uasset" 621
"../../../SuperPrototype/Content/SuperPrototype/Levels/TutorialLevel/Assets/Temp_Lightbar.uasset" 622
"../../../SuperPrototype/Content/SuperPrototype/Levels/TutorialLevel/Assets/Temp_Lightbar_BP.uasset" 623
"../../../SuperPrototype/Content/SuperPrototype/Weapons/W_Stapler.uasset" 624
"../../../SuperPrototype/Content/SuperPrototype/Levels/TutorialLevel/Experimental/Material__15.uasset" 625
"../../../SuperPrototype/Content/SuperPrototype/Levels/TutorialLevel/Materials/Blue_Rough.uasset" 626
"../../../SuperPrototype/Content/SuperPrototype/Levels/TutorialLevel/Textures/CarpetBlue_Diffuse_Greyscale.uasset" 627
"../../../SuperPrototype/Content/SuperPrototype/Levels/TutorialLevel/Materials/CarpetBlue_Diffuse_Greyscale_Mat.uasset" 628
"../../../SuperPrototype/Content/SuperPrototype/Levels/TutorialLevel/Textures/CarpetBlue_Diffuse.uasset" 629
"../../../SuperPrototype/Content/SuperPrototype/Levels/TutorialLevel/Textures/CarpetBlue_Normal.uasset" 630
"../../../SuperPrototype/Content/SuperPrototype/Levels/TutorialLevel/Materials/CarpetBlue_Mat.uasset" 631
"../../../SuperPrototype/Content/SuperPrototype/Levels/TutorialLevel/Textures/CarpetOrange_Diffuse.uasset" 632
"../../../SuperPrototype/Content/SuperPrototype/Levels/TutorialLevel/Textures/CarpetOrange_Normal.uasset" 633
"../../../SuperPrototype/Content/SuperPrototype/Levels/TutorialLevel/Materials/CarpetOrange_Mat.uasset" 634
"../../../SuperPrototype/Content/SuperPrototype/Levels/TutorialLevel/Materials/Floor.uasset" 635
"../../../SuperPrototype/Content/SuperPrototype/Levels/TutorialLevel/Materials/Floor05.uasset" 636
"../../../SuperPrototype/Content/SuperPrototype/Levels/TutorialLevel/Textures/Keyboard_heights.uasset" 637
"../../../SuperPrototype/Content/SuperPrototype/Levels/TutorialLevel/Textures/Keyboard_normals.uasset" 638
"../../../SuperPrototype/Content/SuperPrototype/Levels/TutorialLevel/Textures/Keyboard_occlusion.uasset" 639
"../../../SuperPrototype/Content/SuperPrototype/Levels/TutorialLevel/Materials/Keyboard_heights_Mat.uasset" 640
"../../../SuperPrototype/Content/SuperPrototype/Levels/TutorialLevel/Textures/picture_frame_2_NO_LIGHT_SHAFTS.uasset" 641
"../../../SuperPrototype/Content/SuperPrototype/Levels/TutorialLevel/Materials/picture_frame_2_NO_LIGHT_SHAFTS_Mat.uasset" 642
"../../../SuperPrototype/Content/SuperPrototype/Levels/TutorialLevel/Textures/Wall_Diffuse_Greyscale.uasset" 643
"../../../SuperPrototype/Content/SuperPrototype/Levels/TutorialLevel/Materials/Wall_Diffuse_Blue.uasset" 644
"../../../SuperPrototype/Content/SuperPrototype/Levels/TutorialLevel/Materials/Wall_Diffuse_Greyscale_Mat.uasset" 645
"../../../SuperPrototype/Content/SuperPrototype/Levels/TutorialLevel/Materials/Wall_Diffuse_Red.uasset" 646
"../../../SuperPrototype/Content/SuperPrototype/Levels/TutorialLevel/Textures/Wall_Normal.uasset" 647
"../../../SuperPrototype/Content/SuperPrototype/Levels/TutorialLevel/Materials/Wall_Mat.uasset" 648
"../../../SuperPrototype/Content/SuperPrototype/Levels/TutorialLevel/Materials/WallTops2.uasset" 649
"../../../SuperPrototype/Content/SuperPrototype/Levels/TutorialLevel/Materials/WoodenDesk.uasset" 650
"../../../SuperPrototype/Content/SuperPrototype/Levels/TutorialLevel/Assets/3x2_Cubicles_01.uasset" 651
"../../../SuperPrototype/Content/SuperPrototype/Levels/TutorialLevel/Materials/Wall_Diffuse_Pink.uasset" 652
"../../../SuperPrototype/Content/SuperPrototype/Levels/TutorialLevel/Assets/Basic_Chair.uasset" 653
"../../../SuperPrototype/Content/SuperPrototype/Levels/TutorialLevel/Assets/Basic_Door.uasset" 654
"../../../SuperPrototype/Content/SuperPrototype/Levels/TutorialLevel/Assets/Bin_Closed.uasset" 655
"../../../SuperPrototype/Content/SuperPrototype/Levels/TutorialLevel/Assets/CoffeeTable_Basic.uasset" 656
"../../../SuperPrototype/Content/SuperPrototype/Levels/TutorialLevel/Assets/Cup_01.uasset" 657
"../../../SuperPrototype/Content/SuperPrototype/Levels/TutorialLevel/Textures/diffuse_COLOR.uasset" 658
"../../../SuperPrototype/Content/SuperPrototype/Levels/TutorialLevel/Textures/diffuse_DISP.uasset" 659
"../../../SuperPrototype/Content/SuperPrototype/Levels/TutorialLevel/Textures/diffuse_NRM.uasset" 660
"../../../SuperPrototype/Content/SuperPrototype/Levels/TutorialLevel/Textures/diffuse_SPEC.uasset" 661
"../../../SuperPrototype/Content/SuperPrototype/Levels/TutorialLevel/Materials/Donut_01.uasset" 662
"../../../SuperPrototype/Content/SuperPrototype/Levels/TutorialLevel/Assets/Donut_01.uasset" 663
"../../../SuperPrototype/Content/SuperPrototype/Levels/TutorialLevel/Assets/Door_ScalerLarge.uasset" 664
"../../../SuperPrototype/Content/SuperPrototype/Levels/TutorialLevel/Assets/DoubleDoor_Frame.uasset" 665
"../../../SuperPrototype/Content/SuperPrototype/Levels/TutorialLevel/Materials/Purple_Basic.uasset" 666
"../../../SuperPrototype/Content/SuperPrototype/Levels/TutorialLevel/Assets/Higher_Chair.uasset" 667
"../../../SuperPrototype/Content/SuperPrototype/Levels/TutorialLevel/Assets/Keyboard_01.uasset" 668
"../../../SuperPrototype/Content/SuperPrototype/Levels/TutorialLevel/Assets/Main_Desk.uasset" 669
"../../../SuperPrototype/Content/SuperPrototype/Levels/TutorialLevel/Assets/Pen_01.uasset" 670
"../../../SuperPrototype/Content/SuperPrototype/Levels/TutorialLevel/Assets/Pencil_01.uasset" 671
"../../../SuperPrototype/Content/SuperPrototype/Levels/TutorialLevel/Assets/PhotoFrame_01.uasset" 672
"../../../SuperPrototype/Content/SuperPrototype/Levels/TutorialLevel/Assets/Pillow_01.uasset" 673
"../../../SuperPrototype/Content/SuperPrototype/Levels/TutorialLevel/Materials/PaperYellow.uasset" 674
"../../../SuperPrototype/Content/SuperPrototype/Levels/TutorialLevel/Assets/PostIT_01.uasset" 675
"../../../SuperPrototype/Content/SuperPrototype/Levels/TutorialLevel/Assets/ReceptionDesk_01.uasset" 676
"../../../SuperPrototype/Content/SuperPrototype/Levels/TutorialLevel/Textures/lpDiffuseMap.uasset" 677
"../../../SuperPrototype/Content/SuperPrototype/Levels/TutorialLevel/Textures/lpDiffuseMap_NRM.uasset" 678
"../../../SuperPrototype/Content/SuperPrototype/Levels/TutorialLevel/Textures/lpDiffuseMap_OCC.uasset" 679
"../../../SuperPrototype/Content/SuperPrototype/Levels/TutorialLevel/Textures/lpDiffuseMap_SPEC.uasset" 680
"../../../SuperPrototype/Content/SuperPrototype/Levels/TutorialLevel/Materials/Sandwich_01.uasset" 681
"../../../SuperPrototype/Content/SuperPrototype/Levels/TutorialLevel/Assets/Sandwich_01.uasset" 682
"../../../SuperPrototype/Content/SuperPrototype/Levels/TutorialLevel/Assets/SmallHeadphones.uasset" 683
"../../../SuperPrototype/Content/SuperPrototype/Levels/TutorialLevel/Assets/Sofa_01.uasset" 684
"../../../SuperPrototype/Content/SuperPrototype/Levels/TutorialLevel/Experimental/Material__13.uasset" 685
"../../../SuperPrototype/Content/SuperPrototype/Levels/TutorialLevel/Assets/USB_01.uasset" 686
"../../../SuperPrototype/Content/SuperPrototype/Levels/TutorialLevel/Assets/Watercooler_01.uasset" 687
"../../../SuperPrototype/Content/SuperPrototype/Levels/TutorialLevel/Tutorial_Level.umap" 688
